<?xml version="1.0" encoding="UTF-8"?>
<coverage generated="1587144297575" clover="3.2.0">
  <project timestamp="1587144297576" name="All files">
    <metrics statements="112" coveredstatements="112" conditionals="34" coveredconditionals="28" methods="26" coveredmethods="25" elements="172" coveredelements="165" complexity="0" loc="112" ncloc="112" packages="4" files="14" classes="14"/>
    <package name="quilt">
      <metrics statements="13" coveredstatements="13" conditionals="2" coveredconditionals="0" methods="5" coveredmethods="5"/>
      <file name="index.js" path="/Users/joshuaerb/repos/open-source/quilt/index.js">
        <metrics statements="13" coveredstatements="13" conditionals="2" coveredconditionals="0" methods="5" coveredmethods="5"/>
        <line num="3" count="1" type="stmt"/>
        <line num="4" count="1" type="stmt"/>
        <line num="5" count="1" type="stmt"/>
        <line num="6" count="1" type="stmt"/>
        <line num="7" count="1" type="stmt"/>
        <line num="11" count="3" type="stmt"/>
        <line num="12" count="3" type="stmt"/>
        <line num="13" count="3" type="stmt"/>
        <line num="14" count="3" type="stmt"/>
        <line num="15" count="1" type="stmt"/>
        <line num="16" count="1" type="stmt"/>
        <line num="18" count="3" type="stmt"/>
        <line num="22" count="1" type="stmt"/>
      </file>
    </package>
    <package name="quilt.src">
      <metrics statements="78" coveredstatements="78" conditionals="22" coveredconditionals="18" methods="18" coveredmethods="17"/>
      <file name="get-all-static-tiles.js" path="/Users/joshuaerb/repos/open-source/quilt/src/get-all-static-tiles.js">
        <metrics statements="11" coveredstatements="11" conditionals="0" coveredconditionals="0" methods="3" coveredmethods="3"/>
        <line num="3" count="2" type="stmt"/>
        <line num="4" count="2" type="stmt"/>
        <line num="7" count="5" type="stmt"/>
        <line num="8" count="5" type="stmt"/>
        <line num="9" count="5" type="stmt"/>
        <line num="10" count="20" type="stmt"/>
        <line num="13" count="20" type="stmt"/>
        <line num="14" count="20" type="stmt"/>
        <line num="17" count="5" type="stmt"/>
        <line num="18" count="2" type="stmt"/>
        <line num="22" count="2" type="stmt"/>
      </file>
      <file name="get-index-relative-to-center.js" path="/Users/joshuaerb/repos/open-source/quilt/src/get-index-relative-to-center.js">
        <metrics statements="6" coveredstatements="6" conditionals="1" coveredconditionals="1" methods="1" coveredmethods="1"/>
        <line num="3" count="3" type="stmt"/>
        <line num="11" count="29" type="stmt"/>
        <line num="15" count="29" type="stmt"/>
        <line num="16" count="29" type="stmt"/>
        <line num="18" count="29" type="stmt"/>
        <line num="25" count="3" type="stmt"/>
      </file>
      <file name="get-pixel-coordinates.js" path="/Users/joshuaerb/repos/open-source/quilt/src/get-pixel-coordinates.js">
        <metrics statements="6" coveredstatements="6" conditionals="1" coveredconditionals="1" methods="1" coveredmethods="1"/>
        <line num="3" count="2" type="stmt"/>
        <line num="4" count="2" type="stmt"/>
        <line num="10" count="6" type="stmt"/>
        <line num="11" count="6" type="stmt"/>
        <line num="13" count="6" type="stmt"/>
        <line num="16" count="2" type="stmt"/>
      </file>
      <file name="get-proximate-center-index.js" path="/Users/joshuaerb/repos/open-source/quilt/src/get-proximate-center-index.js">
        <metrics statements="3" coveredstatements="3" conditionals="1" coveredconditionals="1" methods="1" coveredmethods="1"/>
        <line num="3" count="3" type="stmt"/>
        <line num="7" count="14" type="stmt"/>
        <line num="14" count="3" type="stmt"/>
      </file>
      <file name="get-relative-pixel-offsets.js" path="/Users/joshuaerb/repos/open-source/quilt/src/get-relative-pixel-offsets.js">
        <metrics statements="4" coveredstatements="4" conditionals="1" coveredconditionals="1" methods="1" coveredmethods="1"/>
        <line num="3" count="3" type="stmt"/>
        <line num="6" count="53" type="stmt"/>
        <line num="11" count="53" type="stmt"/>
        <line num="14" count="3" type="stmt"/>
      </file>
      <file name="get-sibling-tiles-and-offsets.js" path="/Users/joshuaerb/repos/open-source/quilt/src/get-sibling-tiles-and-offsets.js">
        <metrics statements="23" coveredstatements="23" conditionals="6" coveredconditionals="5" methods="2" coveredmethods="1"/>
        <line num="3" count="2" type="stmt"/>
        <line num="4" count="2" type="stmt"/>
        <line num="5" count="2" type="stmt"/>
        <line num="6" count="2" type="stmt"/>
        <line num="14" count="11" type="stmt"/>
        <line num="15" count="11" type="stmt"/>
        <line num="16" count="11" type="stmt"/>
        <line num="17" count="11" type="stmt"/>
        <line num="18" count="11" type="stmt"/>
        <line num="20" count="11" type="stmt"/>
        <line num="21" count="11" type="stmt"/>
        <line num="25" count="11" type="stmt"/>
        <line num="26" count="23" type="cond" truecount="1" falsecount="1"/>
        <line num="27" count="23" type="cond" truecount="2" falsecount="0"/>
        <line num="28" count="22" type="stmt"/>
        <line num="29" count="45" type="stmt"/>
        <line num="36" count="45" type="stmt"/>
        <line num="38" count="45" type="stmt"/>
        <line num="40" count="45" type="stmt"/>
        <line num="50" count="11" type="stmt"/>
        <line num="51" count="11" type="stmt"/>
        <line num="57" count="11" type="stmt"/>
        <line num="60" count="2" type="stmt"/>
      </file>
      <file name="get-static-tile.js" path="/Users/joshuaerb/repos/open-source/quilt/src/get-static-tile.js">
        <metrics statements="16" coveredstatements="16" conditionals="6" coveredconditionals="5" methods="6" coveredmethods="6"/>
        <line num="3" count="2" type="stmt"/>
        <line num="4" count="2" type="stmt"/>
        <line num="5" count="2" type="stmt"/>
        <line num="8" count="16" type="stmt"/>
        <line num="9" count="16" type="cond" truecount="1" falsecount="1"/>
        <line num="10" count="16" type="stmt"/>
        <line num="13" count="16" type="cond" truecount="2" falsecount="0"/>
        <line num="14" count="5" type="stmt"/>
        <line num="18" count="11" type="cond" truecount="2" falsecount="0"/>
        <line num="19" count="6" type="stmt"/>
        <line num="22" count="5" type="stmt"/>
        <line num="25" count="16" type="stmt"/>
        <line num="28" count="5" type="stmt"/>
        <line num="30" count="5" type="stmt"/>
        <line num="38" count="6" type="stmt"/>
        <line num="42" count="2" type="stmt"/>
      </file>
      <file name="stitch-tiles.js" path="/Users/joshuaerb/repos/open-source/quilt/src/stitch-tiles.js">
        <metrics statements="9" coveredstatements="9" conditionals="6" coveredconditionals="4" methods="3" coveredmethods="3"/>
        <line num="3" count="2" type="stmt"/>
        <line num="4" count="2" type="stmt"/>
        <line num="5" count="2" type="stmt"/>
        <line num="8" count="5" type="stmt"/>
        <line num="10" count="5" type="stmt"/>
        <line num="11" count="5" type="stmt"/>
        <line num="18" count="1" type="cond" truecount="1" falsecount="1"/>
        <line num="19" count="1" type="stmt"/>
        <line num="29" count="2" type="stmt"/>
      </file>
    </package>
    <package name="quilt.test.fixtures">
      <metrics statements="4" coveredstatements="4" conditionals="0" coveredconditionals="0" methods="0" coveredmethods="0"/>
      <file name="img-properties-objs.js" path="/Users/joshuaerb/repos/open-source/quilt/test/fixtures/img-properties-objs.js">
        <metrics statements="4" coveredstatements="4" conditionals="0" coveredconditionals="0" methods="0" coveredmethods="0"/>
        <line num="3" count="2" type="stmt"/>
        <line num="14" count="2" type="stmt"/>
        <line num="27" count="2" type="stmt"/>
        <line num="40" count="2" type="stmt"/>
      </file>
    </package>
    <package name="quilt.utils">
      <metrics statements="17" coveredstatements="17" conditionals="10" coveredconditionals="10" methods="3" coveredmethods="3"/>
      <file name="check-token.js" path="/Users/joshuaerb/repos/open-source/quilt/utils/check-token.js">
        <metrics statements="4" coveredstatements="4" conditionals="4" coveredconditionals="4" methods="1" coveredmethods="1"/>
        <line num="5" count="24" type="cond" truecount="4" falsecount="0"/>
        <line num="6" count="2" type="stmt"/>
        <line num="9" count="22" type="stmt"/>
        <line num="12" count="4" type="stmt"/>
      </file>
      <file name="constants.js" path="/Users/joshuaerb/repos/open-source/quilt/utils/constants.js">
        <metrics statements="2" coveredstatements="2" conditionals="0" coveredconditionals="0" methods="0" coveredmethods="0"/>
        <line num="3" count="10" type="stmt"/>
        <line num="10" count="10" type="stmt"/>
      </file>
      <file name="get-tile-url.js" path="/Users/joshuaerb/repos/open-source/quilt/utils/get-tile-url.js">
        <metrics statements="9" coveredstatements="9" conditionals="2" coveredconditionals="2" methods="1" coveredmethods="1"/>
        <line num="3" count="3" type="stmt"/>
        <line num="4" count="3" type="stmt"/>
        <line num="5" count="3" type="stmt"/>
        <line num="14" count="23" type="cond" truecount="2" falsecount="0"/>
        <line num="15" count="1" type="stmt"/>
        <line num="17" count="22" type="stmt"/>
        <line num="18" count="21" type="stmt"/>
        <line num="20" count="21" type="stmt"/>
        <line num="23" count="3" type="stmt"/>
      </file>
      <file name="invalid-style-url.js" path="/Users/joshuaerb/repos/open-source/quilt/utils/invalid-style-url.js">
        <metrics statements="2" coveredstatements="2" conditionals="4" coveredconditionals="4" methods="1" coveredmethods="1"/>
        <line num="4" count="27" type="cond" truecount="4" falsecount="0"/>
        <line num="9" count="4" type="stmt"/>
      </file>
    </package>
  </project>
</coverage>
