{"/Users/joshuaerb/repos/open-source/quilt/index.js": {"path":"/Users/joshuaerb/repos/open-source/quilt/index.js","statementMap":{"0":{"start":{"line":3,"column":27},"end":{"line":3,"column":55}},"1":{"start":{"line":4,"column":28},"end":{"line":4,"column":66}},"2":{"start":{"line":5,"column":34},"end":{"line":5,"column":80}},"3":{"start":{"line":6,"column":20},"end":{"line":6,"column":57}},"4":{"start":{"line":7,"column":20},"end":{"line":7,"column":49}},"5":{"start":{"line":11,"column":2},"end":{"line":19,"column":4}},"6":{"start":{"line":12,"column":24},"end":{"line":12,"column":62}},"7":{"start":{"line":13,"column":23},"end":{"line":16,"column":44}},"8":{"start":{"line":14,"column":36},"end":{"line":14,"column":80}},"9":{"start":{"line":15,"column":33},"end":{"line":15,"column":83}},"10":{"start":{"line":16,"column":22},"end":{"line":16,"column":41}},"11":{"start":{"line":18,"column":4},"end":{"line":18,"column":22}},"12":{"start":{"line":22,"column":0},"end":{"line":22,"column":30}}},"fnMap":{"0":{"name":"makeGetQuilt","decl":{"start":{"line":10,"column":9},"end":{"line":10,"column":21}},"loc":{"start":{"line":10,"column":81},"end":{"line":20,"column":1}},"line":10},"1":{"name":"(anonymous_1)","decl":{"start":{"line":11,"column":9},"end":{"line":11,"column":10}},"loc":{"start":{"line":11,"column":20},"end":{"line":19,"column":3}},"line":11},"2":{"name":"(anonymous_2)","decl":{"start":{"line":14,"column":12},"end":{"line":14,"column":13}},"loc":{"start":{"line":14,"column":34},"end":{"line":14,"column":82}},"line":14},"3":{"name":"(anonymous_3)","decl":{"start":{"line":15,"column":12},"end":{"line":15,"column":13}},"loc":{"start":{"line":15,"column":31},"end":{"line":15,"column":85}},"line":15},"4":{"name":"(anonymous_4)","decl":{"start":{"line":16,"column":13},"end":{"line":16,"column":14}},"loc":{"start":{"line":16,"column":20},"end":{"line":16,"column":43}},"line":16}},"branchMap":{"0":{"loc":{"start":{"line":10,"column":41},"end":{"line":10,"column":64}},"type":"default-arg","locations":[{"start":{"line":10,"column":50},"end":{"line":10,"column":64}}],"line":10},"1":{"loc":{"start":{"line":10,"column":66},"end":{"line":10,"column":79}},"type":"default-arg","locations":[{"start":{"line":10,"column":75},"end":{"line":10,"column":79}}],"line":10}},"s":{"0":1,"1":1,"2":1,"3":1,"4":1,"5":3,"6":3,"7":3,"8":3,"9":1,"10":1,"11":3,"12":1},"f":{"0":3,"1":3,"2":3,"3":1,"4":1},"b":{"0":[0],"1":[0]},"_coverageSchema":"1a1c01bbd47fc00a2c39e90264f33305004495a9","hash":"6808a6d36771783d02ae997c8f6971a38595bcc1"}
,"/Users/joshuaerb/repos/open-source/quilt/src/get-all-static-tiles.js": {"path":"/Users/joshuaerb/repos/open-source/quilt/src/get-all-static-tiles.js","statementMap":{"0":{"start":{"line":3,"column":19},"end":{"line":3,"column":51}},"1":{"start":{"line":4,"column":22},"end":{"line":4,"column":50}},"2":{"start":{"line":7,"column":16},"end":{"line":7,"column":39}},"3":{"start":{"line":8,"column":19},"end":{"line":8,"column":21}},"4":{"start":{"line":9,"column":2},"end":{"line":15,"column":5}},"5":{"start":{"line":10,"column":20},"end":{"line":10,"column":78}},"6":{"start":{"line":13,"column":23},"end":{"line":13,"column":27}},"7":{"start":{"line":14,"column":4},"end":{"line":14,"column":60}},"8":{"start":{"line":17,"column":2},"end":{"line":19,"column":5}},"9":{"start":{"line":18,"column":4},"end":{"line":18,"column":23}},"10":{"start":{"line":22,"column":0},"end":{"line":22,"column":29}}},"fnMap":{"0":{"name":"getAllTiles","decl":{"start":{"line":6,"column":9},"end":{"line":6,"column":20}},"loc":{"start":{"line":6,"column":64},"end":{"line":20,"column":1}},"line":6},"1":{"name":"(anonymous_1)","decl":{"start":{"line":9,"column":16},"end":{"line":9,"column":17}},"loc":{"start":{"line":9,"column":26},"end":{"line":15,"column":3}},"line":9},"2":{"name":"(anonymous_2)","decl":{"start":{"line":17,"column":37},"end":{"line":17,"column":38}},"loc":{"start":{"line":17,"column":44},"end":{"line":19,"column":3}},"line":17}},"branchMap":{},"s":{"0":2,"1":2,"2":5,"3":5,"4":5,"5":20,"6":20,"7":20,"8":5,"9":2,"10":2},"f":{"0":5,"1":20,"2":2},"b":{},"_coverageSchema":"1a1c01bbd47fc00a2c39e90264f33305004495a9","hash":"c33865d1cdd1550ae2ed9a0996a869418702425f"}
,"/Users/joshuaerb/repos/open-source/quilt/src/get-index-relative-to-center.js": {"path":"/Users/joshuaerb/repos/open-source/quilt/src/get-index-relative-to-center.js","statementMap":{"0":{"start":{"line":3,"column":22},"end":{"line":3,"column":51}},"1":{"start":{"line":11,"column":18},"end":{"line":14,"column":3}},"2":{"start":{"line":15,"column":2},"end":{"line":15,"column":62}},"3":{"start":{"line":16,"column":2},"end":{"line":16,"column":59}},"4":{"start":{"line":18,"column":2},"end":{"line":22,"column":4}},"5":{"start":{"line":25,"column":0},"end":{"line":25,"column":42}}},"fnMap":{"0":{"name":"getIndexRelativeToCenter","decl":{"start":{"line":5,"column":9},"end":{"line":5,"column":33}},"loc":{"start":{"line":5,"column":88},"end":{"line":23,"column":1}},"line":5}},"branchMap":{"0":{"loc":{"start":{"line":5,"column":66},"end":{"line":5,"column":86}},"type":"default-arg","locations":[{"start":{"line":5,"column":77},"end":{"line":5,"column":86}}],"line":5}},"s":{"0":3,"1":29,"2":29,"3":29,"4":29,"5":3},"f":{"0":29},"b":{"0":[3]},"_coverageSchema":"1a1c01bbd47fc00a2c39e90264f33305004495a9","hash":"46c3501e6a23398c3d049e7a720dd64e84eed9ee"}
,"/Users/joshuaerb/repos/open-source/quilt/src/get-pixel-coordinates.js": {"path":"/Users/joshuaerb/repos/open-source/quilt/src/get-pixel-coordinates.js","statementMap":{"0":{"start":{"line":3,"column":22},"end":{"line":3,"column":51}},"1":{"start":{"line":4,"column":26},"end":{"line":4,"column":62}},"2":{"start":{"line":10,"column":13},"end":{"line":10,"column":54}},"3":{"start":{"line":11,"column":14},"end":{"line":11,"column":59}},"4":{"start":{"line":13,"column":2},"end":{"line":13,"column":34}},"5":{"start":{"line":16,"column":0},"end":{"line":16,"column":37}}},"fnMap":{"0":{"name":"getPixelCoordinates","decl":{"start":{"line":6,"column":9},"end":{"line":6,"column":28}},"loc":{"start":{"line":6,"column":70},"end":{"line":14,"column":1}},"line":6}},"branchMap":{"0":{"loc":{"start":{"line":6,"column":48},"end":{"line":6,"column":68}},"type":"default-arg","locations":[{"start":{"line":6,"column":59},"end":{"line":6,"column":68}}],"line":6}},"s":{"0":2,"1":2,"2":6,"3":6,"4":6,"5":2},"f":{"0":6},"b":{"0":[5]},"_coverageSchema":"1a1c01bbd47fc00a2c39e90264f33305004495a9","hash":"0a679089231a5cfb25ab45bd4ae90e7206251ce9"}
,"/Users/joshuaerb/repos/open-source/quilt/src/get-proximate-center-index.js": {"path":"/Users/joshuaerb/repos/open-source/quilt/src/get-proximate-center-index.js","statementMap":{"0":{"start":{"line":3,"column":22},"end":{"line":3,"column":51}},"1":{"start":{"line":7,"column":2},"end":{"line":11,"column":4}},"2":{"start":{"line":14,"column":0},"end":{"line":14,"column":41}}},"fnMap":{"0":{"name":"getProximateCenterIndex","decl":{"start":{"line":5,"column":9},"end":{"line":5,"column":32}},"loc":{"start":{"line":5,"column":70},"end":{"line":12,"column":1}},"line":5}},"branchMap":{"0":{"loc":{"start":{"line":5,"column":48},"end":{"line":5,"column":68}},"type":"default-arg","locations":[{"start":{"line":5,"column":59},"end":{"line":5,"column":68}}],"line":5}},"s":{"0":3,"1":14,"2":3},"f":{"0":14},"b":{"0":[1]},"_coverageSchema":"1a1c01bbd47fc00a2c39e90264f33305004495a9","hash":"aaffcff057d092e06bf54d0b4f4ed54747cf4438"}
,"/Users/joshuaerb/repos/open-source/quilt/src/get-relative-pixel-offsets.js": {"path":"/Users/joshuaerb/repos/open-source/quilt/src/get-relative-pixel-offsets.js","statementMap":{"0":{"start":{"line":3,"column":22},"end":{"line":3,"column":51}},"1":{"start":{"line":6,"column":21},"end":{"line":9,"column":3}},"2":{"start":{"line":11,"column":2},"end":{"line":11,"column":20}},"3":{"start":{"line":14,"column":0},"end":{"line":14,"column":31}}},"fnMap":{"0":{"name":"getRelativePx","decl":{"start":{"line":5,"column":9},"end":{"line":5,"column":22}},"loc":{"start":{"line":5,"column":81},"end":{"line":12,"column":1}},"line":5}},"branchMap":{"0":{"loc":{"start":{"line":5,"column":59},"end":{"line":5,"column":79}},"type":"default-arg","locations":[{"start":{"line":5,"column":70},"end":{"line":5,"column":79}}],"line":5}},"s":{"0":3,"1":53,"2":53,"3":3},"f":{"0":53},"b":{"0":[6]},"_coverageSchema":"1a1c01bbd47fc00a2c39e90264f33305004495a9","hash":"b28e37fbba6fafcea57ec752d16bc91b1380645e"}
,"/Users/joshuaerb/repos/open-source/quilt/src/get-sibling-tiles-and-offsets.js": {"path":"/Users/joshuaerb/repos/open-source/quilt/src/get-sibling-tiles-and-offsets.js","statementMap":{"0":{"start":{"line":3,"column":38},"end":{"line":3,"column":67}},"1":{"start":{"line":4,"column":32},"end":{"line":4,"column":71}},"2":{"start":{"line":5,"column":33},"end":{"line":5,"column":74}},"3":{"start":{"line":6,"column":22},"end":{"line":6,"column":61}},"4":{"start":{"line":14,"column":21},"end":{"line":14,"column":45}},"5":{"start":{"line":15,"column":22},"end":{"line":15,"column":76}},"6":{"start":{"line":16,"column":23},"end":{"line":16,"column":98}},"7":{"start":{"line":17,"column":27},"end":{"line":17,"column":112}},"8":{"start":{"line":18,"column":19},"end":{"line":18,"column":36}},"9":{"start":{"line":20,"column":24},"end":{"line":20,"column":26}},"10":{"start":{"line":21,"column":2},"end":{"line":21,"column":27}},"11":{"start":{"line":25,"column":2},"end":{"line":48,"column":3}},"12":{"start":{"line":25,"column":17},"end":{"line":25,"column":33}},"13":{"start":{"line":26,"column":4},"end":{"line":26,"column":26}},"14":{"start":{"line":26,"column":17},"end":{"line":26,"column":26}},"15":{"start":{"line":27,"column":4},"end":{"line":27,"column":31}},"16":{"start":{"line":27,"column":25},"end":{"line":27,"column":31}},"17":{"start":{"line":28,"column":4},"end":{"line":47,"column":5}},"18":{"start":{"line":28,"column":22},"end":{"line":28,"column":41}},"19":{"start":{"line":29,"column":25},"end":{"line":33,"column":7}},"20":{"start":{"line":36,"column":6},"end":{"line":36,"column":68}},"21":{"start":{"line":38,"column":25},"end":{"line":38,"column":85}},"22":{"start":{"line":40,"column":6},"end":{"line":46,"column":9}},"23":{"start":{"line":50,"column":2},"end":{"line":50,"column":40}},"24":{"start":{"line":51,"column":2},"end":{"line":55,"column":4}},"25":{"start":{"line":57,"column":2},"end":{"line":57,"column":78}},"26":{"start":{"line":57,"column":55},"end":{"line":57,"column":74}},"27":{"start":{"line":60,"column":0},"end":{"line":60,"column":43}}},"fnMap":{"0":{"name":"getSiblingTilesAndOffsets","decl":{"start":{"line":8,"column":9},"end":{"line":8,"column":34}},"loc":{"start":{"line":13,"column":2},"end":{"line":58,"column":1}},"line":13},"1":{"name":"(anonymous_1)","decl":{"start":{"line":57,"column":46},"end":{"line":57,"column":47}},"loc":{"start":{"line":57,"column":53},"end":{"line":57,"column":76}},"line":57}},"branchMap":{"0":{"loc":{"start":{"line":11,"column":2},"end":{"line":11,"column":25}},"type":"default-arg","locations":[{"start":{"line":11,"column":11},"end":{"line":11,"column":25}}],"line":11},"1":{"loc":{"start":{"line":12,"column":2},"end":{"line":12,"column":22}},"type":"default-arg","locations":[{"start":{"line":12,"column":13},"end":{"line":12,"column":22}}],"line":12},"2":{"loc":{"start":{"line":26,"column":4},"end":{"line":26,"column":26}},"type":"if","locations":[{"start":{"line":26,"column":4},"end":{"line":26,"column":26}},{"start":{"line":26,"column":4},"end":{"line":26,"column":26}}],"line":26},"3":{"loc":{"start":{"line":27,"column":4},"end":{"line":27,"column":31}},"type":"if","locations":[{"start":{"line":27,"column":4},"end":{"line":27,"column":31}},{"start":{"line":27,"column":4},"end":{"line":27,"column":31}}],"line":27}},"s":{"0":2,"1":2,"2":2,"3":2,"4":11,"5":11,"6":11,"7":11,"8":11,"9":11,"10":11,"11":11,"12":11,"13":23,"14":0,"15":23,"16":1,"17":22,"18":22,"19":45,"20":45,"21":45,"22":45,"23":11,"24":11,"25":11,"26":0,"27":2},"f":{"0":11,"1":0},"b":{"0":[5],"1":[9],"2":[0,23],"3":[1,22]},"_coverageSchema":"1a1c01bbd47fc00a2c39e90264f33305004495a9","hash":"dfedadf5a6cc8769a2f6e4f20a43131a0d72e128"}
,"/Users/joshuaerb/repos/open-source/quilt/src/get-static-tile.js": {"path":"/Users/joshuaerb/repos/open-source/quilt/src/get-static-tile.js","statementMap":{"0":{"start":{"line":3,"column":26},"end":{"line":3,"column":55}},"1":{"start":{"line":4,"column":14},"end":{"line":4,"column":35}},"2":{"start":{"line":5,"column":15},"end":{"line":5,"column":33}},"3":{"start":{"line":8,"column":17},"end":{"line":23,"column":3}},"4":{"start":{"line":9,"column":4},"end":{"line":9,"column":47}},"5":{"start":{"line":10,"column":21},"end":{"line":10,"column":37}},"6":{"start":{"line":13,"column":4},"end":{"line":15,"column":5}},"7":{"start":{"line":14,"column":6},"end":{"line":14,"column":43}},"8":{"start":{"line":18,"column":4},"end":{"line":20,"column":5}},"9":{"start":{"line":19,"column":6},"end":{"line":19,"column":55}},"10":{"start":{"line":22,"column":4},"end":{"line":22,"column":20}},"11":{"start":{"line":25,"column":2},"end":{"line":39,"column":7}},"12":{"start":{"line":25,"column":29},"end":{"line":25,"column":44}},"13":{"start":{"line":28,"column":19},"end":{"line":28,"column":31}},"14":{"start":{"line":30,"column":6},"end":{"line":35,"column":8}},"15":{"start":{"line":38,"column":6},"end":{"line":38,"column":25}},"16":{"start":{"line":42,"column":0},"end":{"line":42,"column":31}}},"fnMap":{"0":{"name":"getStaticTile","decl":{"start":{"line":7,"column":9},"end":{"line":7,"column":22}},"loc":{"start":{"line":7,"column":39},"end":{"line":40,"column":1}},"line":7},"1":{"name":"(anonymous_1)","decl":{"start":{"line":8,"column":17},"end":{"line":8,"column":18}},"loc":{"start":{"line":8,"column":36},"end":{"line":23,"column":3}},"line":8},"2":{"name":"(anonymous_2)","decl":{"start":{"line":25,"column":16},"end":{"line":25,"column":17}},"loc":{"start":{"line":25,"column":29},"end":{"line":25,"column":44}},"line":25},"3":{"name":"(anonymous_3)","decl":{"start":{"line":28,"column":10},"end":{"line":28,"column":11}},"loc":{"start":{"line":28,"column":19},"end":{"line":28,"column":31}},"line":28},"4":{"name":"(anonymous_4)","decl":{"start":{"line":29,"column":10},"end":{"line":29,"column":11}},"loc":{"start":{"line":29,"column":22},"end":{"line":36,"column":5}},"line":29},"5":{"name":"(anonymous_5)","decl":{"start":{"line":37,"column":11},"end":{"line":37,"column":12}},"loc":{"start":{"line":37,"column":18},"end":{"line":39,"column":5}},"line":37}},"branchMap":{"0":{"loc":{"start":{"line":9,"column":4},"end":{"line":9,"column":46}},"type":"cond-expr","locations":[{"start":{"line":9,"column":20},"end":{"line":9,"column":40}},{"start":{"line":9,"column":43},"end":{"line":9,"column":46}}],"line":9},"1":{"loc":{"start":{"line":13,"column":4},"end":{"line":15,"column":5}},"type":"if","locations":[{"start":{"line":13,"column":4},"end":{"line":15,"column":5}},{"start":{"line":13,"column":4},"end":{"line":15,"column":5}}],"line":13},"2":{"loc":{"start":{"line":18,"column":4},"end":{"line":20,"column":5}},"type":"if","locations":[{"start":{"line":18,"column":4},"end":{"line":20,"column":5}},{"start":{"line":18,"column":4},"end":{"line":20,"column":5}}],"line":18}},"s":{"0":2,"1":2,"2":2,"3":16,"4":16,"5":16,"6":16,"7":5,"8":11,"9":6,"10":5,"11":16,"12":16,"13":5,"14":5,"15":6,"16":2},"f":{"0":16,"1":16,"2":16,"3":5,"4":5,"5":6},"b":{"0":[0,16],"1":[5,11],"2":[6,5]},"_coverageSchema":"1a1c01bbd47fc00a2c39e90264f33305004495a9","hash":"d94732f473538b3182d98db827ea9c8d9b381245"}
,"/Users/joshuaerb/repos/open-source/quilt/src/stitch-tiles.js": {"path":"/Users/joshuaerb/repos/open-source/quilt/src/stitch-tiles.js","statementMap":{"0":{"start":{"line":3,"column":27},"end":{"line":3,"column":56}},"1":{"start":{"line":4,"column":15},"end":{"line":4,"column":32}},"2":{"start":{"line":5,"column":16},"end":{"line":5,"column":32}},"3":{"start":{"line":8,"column":16},"end":{"line":8,"column":31}},"4":{"start":{"line":10,"column":2},"end":{"line":26,"column":5}},"5":{"start":{"line":11,"column":4},"end":{"line":25,"column":9}},"6":{"start":{"line":18,"column":8},"end":{"line":18,"column":36}},"7":{"start":{"line":18,"column":17},"end":{"line":18,"column":36}},"8":{"start":{"line":19,"column":8},"end":{"line":24,"column":10}},"9":{"start":{"line":29,"column":0},"end":{"line":29,"column":29}}},"fnMap":{"0":{"name":"stitchTiles","decl":{"start":{"line":7,"column":15},"end":{"line":7,"column":26}},"loc":{"start":{"line":7,"column":78},"end":{"line":27,"column":1}},"line":7},"1":{"name":"(anonymous_1)","decl":{"start":{"line":10,"column":21},"end":{"line":10,"column":22}},"loc":{"start":{"line":10,"column":42},"end":{"line":26,"column":3}},"line":10},"2":{"name":"(anonymous_2)","decl":{"start":{"line":17,"column":9},"end":{"line":17,"column":10}},"loc":{"start":{"line":17,"column":23},"end":{"line":25,"column":7}},"line":17}},"branchMap":{"0":{"loc":{"start":{"line":7,"column":38},"end":{"line":7,"column":61}},"type":"default-arg","locations":[{"start":{"line":7,"column":47},"end":{"line":7,"column":61}}],"line":7},"1":{"loc":{"start":{"line":7,"column":63},"end":{"line":7,"column":76}},"type":"default-arg","locations":[{"start":{"line":7,"column":72},"end":{"line":7,"column":76}}],"line":7},"2":{"loc":{"start":{"line":18,"column":8},"end":{"line":18,"column":36}},"type":"if","locations":[{"start":{"line":18,"column":8},"end":{"line":18,"column":36}},{"start":{"line":18,"column":8},"end":{"line":18,"column":36}}],"line":18},"3":{"loc":{"start":{"line":21,"column":21},"end":{"line":21,"column":55}},"type":"cond-expr","locations":[{"start":{"line":21,"column":30},"end":{"line":21,"column":48}},{"start":{"line":21,"column":51},"end":{"line":21,"column":55}}],"line":21}},"s":{"0":2,"1":2,"2":2,"3":5,"4":5,"5":5,"6":1,"7":0,"8":1,"9":2},"f":{"0":5,"1":5,"2":1},"b":{"0":[3],"1":[3],"2":[0,1],"3":[0,1]},"_coverageSchema":"1a1c01bbd47fc00a2c39e90264f33305004495a9","hash":"b91748af021baf0416603a5d8aaf98a04caeecc1"}
,"/Users/joshuaerb/repos/open-source/quilt/test/fixtures/img-properties-objs.js": {"path":"/Users/joshuaerb/repos/open-source/quilt/test/fixtures/img-properties-objs.js","statementMap":{"0":{"start":{"line":3,"column":0},"end":{"line":12,"column":2}},"1":{"start":{"line":14,"column":0},"end":{"line":25,"column":2}},"2":{"start":{"line":27,"column":0},"end":{"line":38,"column":2}},"3":{"start":{"line":40,"column":0},"end":{"line":49,"column":2}}},"fnMap":{},"branchMap":{},"s":{"0":2,"1":2,"2":2,"3":2},"f":{},"b":{},"_coverageSchema":"1a1c01bbd47fc00a2c39e90264f33305004495a9","hash":"e5b5de74bc43c0101cc21cda0fe978c6f33c4c30"}
,"/Users/joshuaerb/repos/open-source/quilt/utils/check-token.js": {"path":"/Users/joshuaerb/repos/open-source/quilt/utils/check-token.js","statementMap":{"0":{"start":{"line":5,"column":2},"end":{"line":7,"column":3}},"1":{"start":{"line":6,"column":4},"end":{"line":6,"column":43}},"2":{"start":{"line":9,"column":2},"end":{"line":9,"column":15}},"3":{"start":{"line":12,"column":0},"end":{"line":12,"column":28}}},"fnMap":{"0":{"name":"checkToken","decl":{"start":{"line":3,"column":9},"end":{"line":3,"column":19}},"loc":{"start":{"line":3,"column":27},"end":{"line":10,"column":1}},"line":3}},"branchMap":{"0":{"loc":{"start":{"line":5,"column":2},"end":{"line":7,"column":3}},"type":"if","locations":[{"start":{"line":5,"column":2},"end":{"line":7,"column":3}},{"start":{"line":5,"column":2},"end":{"line":7,"column":3}}],"line":5},"1":{"loc":{"start":{"line":5,"column":6},"end":{"line":5,"column":50}},"type":"binary-expr","locations":[{"start":{"line":5,"column":6},"end":{"line":5,"column":12}},{"start":{"line":5,"column":16},"end":{"line":5,"column":50}}],"line":5}},"s":{"0":24,"1":2,"2":22,"3":4},"f":{"0":24},"b":{"0":[2,22],"1":[24,24]},"_coverageSchema":"1a1c01bbd47fc00a2c39e90264f33305004495a9","hash":"14ddeb31d9263bdf33aa408d1fcab92ce4a38f5b"}
,"/Users/joshuaerb/repos/open-source/quilt/utils/constants.js": {"path":"/Users/joshuaerb/repos/open-source/quilt/utils/constants.js","statementMap":{"0":{"start":{"line":3,"column":18},"end":{"line":8,"column":1}},"1":{"start":{"line":10,"column":0},"end":{"line":10,"column":27}}},"fnMap":{},"branchMap":{},"s":{"0":10,"1":10},"f":{},"b":{},"_coverageSchema":"1a1c01bbd47fc00a2c39e90264f33305004495a9","hash":"b611fd7e65b6d0be31ecfbfecc6b59c0ad8841d9"}
,"/Users/joshuaerb/repos/open-source/quilt/utils/get-tile-url.js": {"path":"/Users/joshuaerb/repos/open-source/quilt/utils/get-tile-url.js","statementMap":{"0":{"start":{"line":3,"column":21},"end":{"line":3,"column":43}},"1":{"start":{"line":4,"column":19},"end":{"line":4,"column":43}},"2":{"start":{"line":5,"column":24},"end":{"line":5,"column":54}},"3":{"start":{"line":14,"column":2},"end":{"line":16,"column":3}},"4":{"start":{"line":15,"column":4},"end":{"line":15,"column":44}},"5":{"start":{"line":17,"column":16},"end":{"line":17,"column":39}},"6":{"start":{"line":18,"column":13},"end":{"line":18,"column":50}},"7":{"start":{"line":20,"column":2},"end":{"line":20,"column":83}},"8":{"start":{"line":23,"column":0},"end":{"line":23,"column":28}}},"fnMap":{"0":{"name":"getTileUrl","decl":{"start":{"line":8,"column":9},"end":{"line":8,"column":19}},"loc":{"start":{"line":13,"column":2},"end":{"line":21,"column":1}},"line":13}},"branchMap":{"0":{"loc":{"start":{"line":14,"column":2},"end":{"line":16,"column":3}},"type":"if","locations":[{"start":{"line":14,"column":2},"end":{"line":16,"column":3}},{"start":{"line":14,"column":2},"end":{"line":16,"column":3}}],"line":14}},"s":{"0":3,"1":3,"2":3,"3":23,"4":1,"5":22,"6":21,"7":21,"8":3},"f":{"0":23},"b":{"0":[1,22]},"_coverageSchema":"1a1c01bbd47fc00a2c39e90264f33305004495a9","hash":"403dea6e5e9fdadf7018fa8dec33db356e62c3fe"}
,"/Users/joshuaerb/repos/open-source/quilt/utils/invalid-style-url.js": {"path":"/Users/joshuaerb/repos/open-source/quilt/utils/invalid-style-url.js","statementMap":{"0":{"start":{"line":4,"column":2},"end":{"line":6,"column":12}},"1":{"start":{"line":9,"column":0},"end":{"line":9,"column":33}}},"fnMap":{"0":{"name":"invalidStyleUrl","decl":{"start":{"line":3,"column":9},"end":{"line":3,"column":24}},"loc":{"start":{"line":3,"column":35},"end":{"line":7,"column":1}},"line":3}},"branchMap":{"0":{"loc":{"start":{"line":4,"column":9},"end":{"line":6,"column":11}},"type":"cond-expr","locations":[{"start":{"line":5,"column":6},"end":{"line":5,"column":25}},{"start":{"line":6,"column":6},"end":{"line":6,"column":11}}],"line":4},"1":{"loc":{"start":{"line":4,"column":9},"end":{"line":4,"column":78}},"type":"binary-expr","locations":[{"start":{"line":4,"column":9},"end":{"line":4,"column":18}},{"start":{"line":4,"column":22},"end":{"line":4,"column":78}}],"line":4}},"s":{"0":27,"1":4},"f":{"0":27},"b":{"0":[4,23],"1":[27,26]},"_coverageSchema":"1a1c01bbd47fc00a2c39e90264f33305004495a9","hash":"8a64fcc9cf99dae94f9397ed0fd63af770839c83"}
}
