TN:
SF:index.js
FN:10,makeGetQuilt
FN:11,(anonymous_1)
FN:14,(anonymous_2)
FN:15,(anonymous_3)
FN:16,(anonymous_4)
FNF:5
FNH:5
FNDA:3,makeGetQuilt
FNDA:3,(anonymous_1)
FNDA:3,(anonymous_2)
FNDA:1,(anonymous_3)
FNDA:1,(anonymous_4)
DA:3,1
DA:4,1
DA:5,1
DA:6,1
DA:7,1
DA:11,3
DA:12,3
DA:13,3
DA:14,3
DA:15,1
DA:16,1
DA:18,3
DA:22,1
LF:13
LH:13
BRDA:10,0,0,0
BRDA:10,1,0,0
BRF:2
BRH:0
end_of_record
TN:
SF:src/get-all-static-tiles.js
FN:6,getAllTiles
FN:9,(anonymous_1)
FN:17,(anonymous_2)
FNF:3
FNH:3
FNDA:5,getAllTiles
FNDA:20,(anonymous_1)
FNDA:2,(anonymous_2)
DA:3,2
DA:4,2
DA:7,5
DA:8,5
DA:9,5
DA:10,20
DA:13,20
DA:14,20
DA:17,5
DA:18,2
DA:22,2
LF:11
LH:11
BRF:0
BRH:0
end_of_record
TN:
SF:src/get-index-relative-to-center.js
FN:5,getIndexRelativeToCenter
FNF:1
FNH:1
FNDA:29,getIndexRelativeToCenter
DA:3,3
DA:11,29
DA:15,29
DA:16,29
DA:18,29
DA:25,3
LF:6
LH:6
BRDA:5,0,0,3
BRF:1
BRH:1
end_of_record
TN:
SF:src/get-pixel-coordinates.js
FN:6,getPixelCoordinates
FNF:1
FNH:1
FNDA:6,getPixelCoordinates
DA:3,2
DA:4,2
DA:10,6
DA:11,6
DA:13,6
DA:16,2
LF:6
LH:6
BRDA:6,0,0,5
BRF:1
BRH:1
end_of_record
TN:
SF:src/get-proximate-center-index.js
FN:5,getProximateCenterIndex
FNF:1
FNH:1
FNDA:14,getProximateCenterIndex
DA:3,3
DA:7,14
DA:14,3
LF:3
LH:3
BRDA:5,0,0,1
BRF:1
BRH:1
end_of_record
TN:
SF:src/get-relative-pixel-offsets.js
FN:5,getRelativePx
FNF:1
FNH:1
FNDA:53,getRelativePx
DA:3,3
DA:6,53
DA:11,53
DA:14,3
LF:4
LH:4
BRDA:5,0,0,6
BRF:1
BRH:1
end_of_record
TN:
SF:src/get-sibling-tiles-and-offsets.js
FN:8,getSiblingTilesAndOffsets
FN:57,(anonymous_1)
FNF:2
FNH:1
FNDA:11,getSiblingTilesAndOffsets
FNDA:0,(anonymous_1)
DA:3,2
DA:4,2
DA:5,2
DA:6,2
DA:14,11
DA:15,11
DA:16,11
DA:17,11
DA:18,11
DA:20,11
DA:21,11
DA:25,11
DA:26,23
DA:27,23
DA:28,22
DA:29,45
DA:36,45
DA:38,45
DA:40,45
DA:50,11
DA:51,11
DA:57,11
DA:60,2
LF:23
LH:23
BRDA:11,0,0,5
BRDA:12,1,0,9
BRDA:26,2,0,0
BRDA:26,2,1,23
BRDA:27,3,0,1
BRDA:27,3,1,22
BRF:6
BRH:5
end_of_record
TN:
SF:src/get-static-tile.js
FN:7,getStaticTile
FN:8,(anonymous_1)
FN:25,(anonymous_2)
FN:28,(anonymous_3)
FN:29,(anonymous_4)
FN:37,(anonymous_5)
FNF:6
FNH:6
FNDA:16,getStaticTile
FNDA:16,(anonymous_1)
FNDA:16,(anonymous_2)
FNDA:5,(anonymous_3)
FNDA:5,(anonymous_4)
FNDA:6,(anonymous_5)
DA:3,2
DA:4,2
DA:5,2
DA:8,16
DA:9,16
DA:10,16
DA:13,16
DA:14,5
DA:18,11
DA:19,6
DA:22,5
DA:25,16
DA:28,5
DA:30,5
DA:38,6
DA:42,2
LF:16
LH:16
BRDA:9,0,0,0
BRDA:9,0,1,16
BRDA:13,1,0,5
BRDA:13,1,1,11
BRDA:18,2,0,6
BRDA:18,2,1,5
BRF:6
BRH:5
end_of_record
TN:
SF:src/stitch-tiles.js
FN:7,stitchTiles
FN:10,(anonymous_1)
FN:17,(anonymous_2)
FNF:3
FNH:3
FNDA:5,stitchTiles
FNDA:5,(anonymous_1)
FNDA:1,(anonymous_2)
DA:3,2
DA:4,2
DA:5,2
DA:8,5
DA:10,5
DA:11,5
DA:18,1
DA:19,1
DA:29,2
LF:9
LH:9
BRDA:7,0,0,3
BRDA:7,1,0,3
BRDA:18,2,0,0
BRDA:18,2,1,1
BRDA:21,3,0,0
BRDA:21,3,1,1
BRF:6
BRH:4
end_of_record
TN:
SF:test/fixtures/img-properties-objs.js
FNF:0
FNH:0
DA:3,2
DA:14,2
DA:27,2
DA:40,2
LF:4
LH:4
BRF:0
BRH:0
end_of_record
TN:
SF:utils/check-token.js
FN:3,checkToken
FNF:1
FNH:1
FNDA:24,checkToken
DA:5,24
DA:6,2
DA:9,22
DA:12,4
LF:4
LH:4
BRDA:5,0,0,2
BRDA:5,0,1,22
BRDA:5,1,0,24
BRDA:5,1,1,24
BRF:4
BRH:4
end_of_record
TN:
SF:utils/constants.js
FNF:0
FNH:0
DA:3,10
DA:10,10
LF:2
LH:2
BRF:0
BRH:0
end_of_record
TN:
SF:utils/get-tile-url.js
FN:8,getTileUrl
FNF:1
FNH:1
FNDA:23,getTileUrl
DA:3,3
DA:4,3
DA:5,3
DA:14,23
DA:15,1
DA:17,22
DA:18,21
DA:20,21
DA:23,3
LF:9
LH:9
BRDA:14,0,0,1
BRDA:14,0,1,22
BRF:2
BRH:2
end_of_record
TN:
SF:utils/invalid-style-url.js
FN:3,invalidStyleUrl
FNF:1
FNH:1
FNDA:27,invalidStyleUrl
DA:4,27
DA:9,4
LF:2
LH:2
BRDA:4,0,0,4
BRDA:4,0,1,23
BRDA:4,1,0,27
BRDA:4,1,1,26
BRF:4
BRH:4
end_of_record
